<?xml version="1.0" encoding="UTF-8"?>
<!-- Generated by org.testng.reporters.JUnitXMLReporter -->
<testsuite ignored="1" hostname="Liudmilas-iMac.local" failures="0" tests="38" name="Surefire test" time="0.095" errors="0" timestamp="2023-03-02T19:50:56 GMT">
  <testcase classname="FizzBuzzTest" name="testStartEqualsEnd_HappyPath" time="0.006"/>
  <testcase classname="FizzBuzzTest" name="testStartGreaterThanEnd_Negative" time="0.0"/>
  <testcase classname="FizzBuzzTest" name="testStartLessThanEnd_HappyPath" time="0.0"/>
  <testcase classname="FizzBuzzTest" name="testStartLessThanEnd_StartEndAreNegative_HappyPath" time="0.0"/>
  <testcase classname="OddIndicesTest" name="testOddIndicesEmpty_Negative" time="0.0"/>
  <testcase classname="OddIndicesTest" name="testOddIndicesNull_Negative" time="0.0"/>
  <testcase classname="OddIndicesTest" name="testOddIndicesWithArrayOfTwo_HappyPath" time="0.001"/>
  <testcase classname="OddIndicesTest" name="testOddIndices_HappyPath" time="0.0"/>
  <testcase classname="SortArrayTest" name="testSortArray_HappyPath" time="0.0"/>
  <testcase classname="SortArrayTest" name="testSortArray_Negative" time="0.0"/>
  <testcase classname="PeakElementTest" name="testPeakElementEmpty_Negative" time="0.0"/>
  <testcase classname="PeakElementTest" name="testPeakElementSomeNegative_HappyPath" time="0.0"/>
  <testcase classname="PeakElementTest" name="testPeakElement_HappyPath" time="0.001"/>
  <testcase classname="SumArrayTest" name="testStartNegSumArray_HappyPath" time="0.001"/>
  <testcase classname="SumArrayTest" name="testStartSumArray_HappyPath" time="0.001"/>
  <testcase classname="SumArrayTest" name="testStartSumArray_Negative" time="0.0"/>
  <testcase classname="StringMethodsTest" name="CountAsTest1" time="0.004"/>
  <testcase classname="StringMethodsTest" name="CountAsTest2" time="0.001"/>
  <testcase classname="StringMethodsTest" name="CountAsTest3" time="0.0"/>
  <testcase classname="StringMethodsTest" name="CountJavaTest1" time="0.0"/>
  <testcase classname="StringMethodsTest" name="CountJavaTest2" time="0.0"/>
  <testcase classname="StringMethodsTest" name="IsSameFirstLastLetterIndexOfTest1" time="0.0"/>
  <testcase classname="StringMethodsTest" name="IsSameFirstLastLetterIndexOfTest2" time="0.0"/>
  <testcase classname="StringMethodsTest" name="RemoveAllAllZerosTest1" time="0.0"/>
  <testcase classname="StringMethodsTest" name="RemoveAllAllZerosTest2" time="0.001"/>
  <testcase classname="StringMethodsTest" name="RemoveAllAsTest1" time="0.0"/>
  <testcase classname="StringMethodsTest" name="RemoveAllAsTest2" time="0.001"/>
  <testcase classname="StringMethodsTest" name="RemoveAllAsTest3" time="0.001"/>
  <testcase classname="StringMethodsTest" name="RemoveAllSpacesTest1" time="0.0"/>
  <testcase classname="StringMethodsTest" name="RemoveAllSpacesTest2" time="0.0"/>
  <testcase classname="StringMethodsTest" name="RemoveSpaceTest1" time="0.0"/>
  <testcase classname="StringMethodsTest" name="RemoveSpaceTest2" time="0.0"/>
  <testcase classname="StringMethodsTest" name="RemoveSpaceTest3" time="0.0"/>
  <testcase classname="ReverseArrayTest" name="testReverseArray_HappyPath" time="0.0"/>
  <testcase classname="ReverseArrayTest" name="testReverseArray_Negative" time="0.0"/>
  <testcase classname="SumOfTwoTest" name="testSumOfTwoEmptyArray_Negative" time="0.001"/>
  <testcase classname="SumOfTwoTest" name="testSumOfTwoThereIsNoPairThatIsEqualToTheSum_HappyPath" time="0.001"/>
  <testcase classname="SumOfTwoTest" name="testSumOfTwo_HappyPath" time="0.008"/>
  <testcase classname="SumOfTwoTest" name="testSumOfTwoSmallArrayWithSameValues_HappyPath" time="0.0">
    <ignored/>
  </testcase> <!-- testSumOfTwoSmallArrayWithSameValues_HappyPath -->
</testsuite> <!-- Surefire test -->
