<?xml version="1.0" encoding="UTF-8"?>
<testsuite xmlns:xsi="http://www.w3.org/2001/XMLSchema-instance" xsi:noNamespaceSchemaLocation="https://maven.apache.org/surefire/maven-surefire-plugin/xsd/surefire-test-report-3.0.xsd" version="3.0" name="TestSuite" time="0.848" tests="38" errors="0" skipped="0" failures="0">
  <properties>
[...]
</properties>
  <testcase name="testStartEqualsEnd_HappyPath" classname="FizzBuzzTest" time="0.012">
    <system-err><![CDATA[SLF4J: Failed to load class "org.slf4j.impl.StaticLoggerBinder".
SLF4J: Defaulting to no-operation (NOP) logger implementation
SLF4J: See http://www.slf4j.org/codes.html#StaticLoggerBinder for further details.
]]></system-err>
  </testcase>
  <testcase name="testStartGreaterThanEnd_Negative" classname="FizzBuzzTest" time="0"/>
  <testcase name="testStartLessThanEnd_HappyPath" classname="FizzBuzzTest" time="0"/>
  <testcase name="testStartLessThanEnd_StartEndAreNegative_HappyPath" classname="FizzBuzzTest" time="0"/>
  <testcase name="testOddIndicesEmpty_Negative" classname="OddIndicesTest" time="0"/>
  <testcase name="testOddIndicesNull_Negative" classname="OddIndicesTest" time="0"/>
  <testcase name="testOddIndicesWithArrayOfTwo_HappyPath" classname="OddIndicesTest" time="0"/>
  <testcase name="testOddIndices_HappyPath" classname="OddIndicesTest" time="0"/>
  <testcase name="testSortArray_HappyPath" classname="SortArrayTest" time="0"/>
  <testcase name="testSortArray_Negative" classname="SortArrayTest" time="0"/>
  <testcase name="testPeakElementEmpty_Negative" classname="PeakElementTest" time="0"/>
  <testcase name="testPeakElementSomeNegative_HappyPath" classname="PeakElementTest" time="0"/>
  <testcase name="testPeakElement_HappyPath" classname="PeakElementTest" time="0"/>
  <testcase name="testStartNegSumArray_HappyPath" classname="SumArrayTest" time="0.002"/>
  <testcase name="testStartSumArray_HappyPath" classname="SumArrayTest" time="0"/>
  <testcase name="testStartSumArray_Negative" classname="SumArrayTest" time="0.001"/>
  <testcase name="CountAsTest1" classname="StringMethodsTest" time="0.003"/>
  <testcase name="CountAsTest2" classname="StringMethodsTest" time="0.002"/>
  <testcase name="CountAsTest3" classname="StringMethodsTest" time="0"/>
  <testcase name="CountJavaTest1" classname="StringMethodsTest" time="0"/>
  <testcase name="CountJavaTest2" classname="StringMethodsTest" time="0.003"/>
  <testcase name="IsSameFirstLastLetterIndexOfTest1" classname="StringMethodsTest" time="0"/>
  <testcase name="IsSameFirstLastLetterIndexOfTest2" classname="StringMethodsTest" time="0"/>
  <testcase name="RemoveAllAllZerosTest1" classname="StringMethodsTest" time="0"/>
  <testcase name="RemoveAllAllZerosTest2" classname="StringMethodsTest" time="0"/>
  <testcase name="RemoveAllAsTest1" classname="StringMethodsTest" time="0.004"/>
  <testcase name="RemoveAllAsTest2" classname="StringMethodsTest" time="0"/>
  <testcase name="RemoveAllAsTest3" classname="StringMethodsTest" time="0"/>
  <testcase name="RemoveAllSpacesTest1" classname="StringMethodsTest" time="0"/>
  <testcase name="RemoveAllSpacesTest2" classname="StringMethodsTest" time="0"/>
  <testcase name="RemoveSpaceTest1" classname="StringMethodsTest" time="0"/>
  <testcase name="RemoveSpaceTest2" classname="StringMethodsTest" time="0"/>
  <testcase name="RemoveSpaceTest3" classname="StringMethodsTest" time="0"/>
  <testcase name="testReverseArray_HappyPath" classname="ReverseArrayTest" time="0.001"/>
  <testcase name="testReverseArray_Negative" classname="ReverseArrayTest" time="0"/>
  <testcase name="testSumOfTwoEmptyArray_Negative" classname="SumOfTwoTest" time="0"/>
  <testcase name="testSumOfTwoThereIsNoPairThatIsEqualToTheSum_HappyPath" classname="SumOfTwoTest" time="0"/>
  <testcase name="testSumOfTwo_HappyPath" classname="SumOfTwoTest" time="0.007"/>
</testsuite>